<?xml version="1.0" encoding="UTF-8"?>
<!-- Generated by org.testng.reporters.JUnitXMLReporter -->
<testsuite hostname="ZXJ-PC" ignored="0" name="Default test" tests="19" failures="0" timestamp="17 十月 2017 15:11:10 GMT" time="0.204" errors="0">
  <testcase name="testIsMatch" time="0.031" classname="first.ToolNGTestL"/>
  <testcase name="testIsMatch" time="0.0" classname="first.ToolNGTestL"/>
  <testcase name="testIsMatch" time="0.016" classname="first.ToolNGTestL"/>
  <testcase name="testIsMatch" time="0.0" classname="first.ToolNGTestL"/>
  <testcase name="testToBinary" time="0.0" classname="first.ToolNGTestL"/>
  <testcase name="testToChar" time="0.0" classname="first.ToolNGTestL"/>
  <testcase name="testToHexadecimal" time="0.0" classname="first.ToolNGTestL"/>
  <testcase name="testToHexadecimal" time="0.0" classname="first.ToolNGTestL"/>
  <testcase name="testToHexadecimal" time="0.016" classname="first.ToolNGTestL"/>
  <testcase name="testToHexadecimal" time="0.0" classname="first.ToolNGTestL"/>
  <testcase name="testToHexadecimal" time="0.0" classname="first.ToolNGTestL"/>
  <testcase name="testToOctal" time="0.0" classname="first.ToolNGTestL"/>
  <testcase name="testToOther" time="0.0" classname="first.ToolNGTestL"/>
  <testcase name="testToOther" time="0.016" classname="first.ToolNGTestL"/>
  <testcase name="testToOther" time="0.0" classname="first.ToolNGTestL"/>
  <testcase name="testToOther" time="0.0" classname="first.ToolNGTestL"/>
  <testcase name="testToOther" time="0.0" classname="first.ToolNGTestL"/>
  <testcase name="testToOther" time="0.0" classname="first.ToolNGTestL"/>
  <testcase name="testToOther" time="0.0" classname="first.ToolNGTestL"/>
</testsuite> <!-- Default test -->
