<?xml version="1.0" encoding="UTF-8"?>
<!-- Generated by org.testng.reporters.JUnitXMLReporter -->
<testsuite hostname="ZXJ-PC" ignored="5" name="Nopackage" tests="1" failures="0" timestamp="16 十月 2017 13:30:46 GMT" time="0.044" errors="0">
  <testcase name="testToBinary" time="0.017" classname="first.ToolsNGTest"/>
  <testcase name="testToChar" time="0.0" classname="first.ToolsNGTest">
    <ignored/>
  </testcase> <!-- testToChar -->
  <testcase name="testToOctal" time="0.0" classname="first.ToolsNGTest">
    <ignored/>
  </testcase> <!-- testToOctal -->
  <testcase name="testToOther" time="0.0" classname="first.ToolsNGTest">
    <ignored/>
  </testcase> <!-- testToOther -->
  <testcase name="testIsMatch" time="0.0" classname="first.ToolsNGTest">
    <ignored/>
  </testcase> <!-- testIsMatch -->
  <testcase name="testToHexadecimal" time="0.0" classname="first.ToolsNGTest">
    <ignored/>
  </testcase> <!-- testToHexadecimal -->
</testsuite> <!-- Nopackage -->
