<?xml version="1.0" encoding="UTF-8"?>
<!-- Generated by org.testng.reporters.JUnitXMLReporter -->
<testsuite hostname="ZXJ-PC" ignored="5" name="test1" tests="7" failures="0" timestamp="18 十月 2017 01:18:00 GMT" time="0.078" errors="0">
  <testcase name="testToOther" time="0.016" classname="first.ToolNGTestL"/>
  <testcase name="testToOther" time="0.0" classname="first.ToolNGTestL"/>
  <testcase name="testToOther" time="0.0" classname="first.ToolNGTestL"/>
  <testcase name="testToOther" time="0.0" classname="first.ToolNGTestL"/>
  <testcase name="testToOther" time="0.0" classname="first.ToolNGTestL"/>
  <testcase name="testToOther" time="0.015" classname="first.ToolNGTestL"/>
  <testcase name="testToOther" time="0.0" classname="first.ToolNGTestL"/>
  <testcase name="testToHexadecimal" time="0.0" classname="first.ToolNGTestL">
    <ignored/>
  </testcase> <!-- testToHexadecimal -->
  <testcase name="testToChar" time="0.0" classname="first.ToolNGTestL">
    <ignored/>
  </testcase> <!-- testToChar -->
  <testcase name="testToBinary" time="0.0" classname="first.ToolNGTestL">
    <ignored/>
  </testcase> <!-- testToBinary -->
  <testcase name="testIsMatch" time="0.0" classname="first.ToolNGTestL">
    <ignored/>
  </testcase> <!-- testIsMatch -->
  <testcase name="testToOctal" time="0.0" classname="first.ToolNGTestL">
    <ignored/>
  </testcase> <!-- testToOctal -->
</testsuite> <!-- test1 -->
