<?xml version="1.0" encoding="UTF-8"?>
<testng-results skipped="0" failed="0" ignored="5" total="12" passed="7">
  <reporter-output>
  </reporter-output>
  <suite name="Suite1" duration-ms="78" started-at="2017-10-18T01:18:00Z" finished-at="2017-10-18T01:18:00Z">
    <groups>
    </groups>
    <test name="test1" duration-ms="78" started-at="2017-10-18T01:18:00Z" finished-at="2017-10-18T01:18:00Z">
      <class name="first.ToolNGTestL">
        <test-method status="PASS" signature="testToOther(int, int, java.lang.String)[pri:0, instance:first.ToolNGTestL@d992b2]" name="testToOther" duration-ms="16" started-at="2017-10-18T09:18:00Z" data-provider="dataFortestToOther" finished-at="2017-10-18T09:18:00Z">
          <params>
            <param index="0">
              <value>
                <![CDATA[89]]>
              </value>
            </param>
            <param index="1">
              <value>
                <![CDATA[16]]>
              </value>
            </param>
            <param index="2">
              <value>
                <![CDATA[59]]>
              </value>
            </param>
          </params>
          <reporter-output>
          </reporter-output>
        </test-method> <!-- testToOther -->
        <test-method status="PASS" signature="testToOther(int, int, java.lang.String)[pri:0, instance:first.ToolNGTestL@d992b2]" name="testToOther" duration-ms="0" started-at="2017-10-18T09:18:00Z" data-provider="dataFortestToOther" finished-at="2017-10-18T09:18:00Z">
          <params>
            <param index="0">
              <value>
                <![CDATA[23]]>
              </value>
            </param>
            <param index="1">
              <value>
                <![CDATA[2]]>
              </value>
            </param>
            <param index="2">
              <value>
                <![CDATA[10111]]>
              </value>
            </param>
          </params>
          <reporter-output>
          </reporter-output>
        </test-method> <!-- testToOther -->
        <test-method status="PASS" signature="testToOther(int, int, java.lang.String)[pri:0, instance:first.ToolNGTestL@d992b2]" name="testToOther" duration-ms="0" started-at="2017-10-18T09:18:00Z" data-provider="dataFortestToOther" finished-at="2017-10-18T09:18:00Z">
          <params>
            <param index="0">
              <value>
                <![CDATA[77]]>
              </value>
            </param>
            <param index="1">
              <value>
                <![CDATA[16]]>
              </value>
            </param>
            <param index="2">
              <value>
                <![CDATA[4D]]>
              </value>
            </param>
          </params>
          <reporter-output>
          </reporter-output>
        </test-method> <!-- testToOther -->
        <test-method status="PASS" signature="testToOther(int, int, java.lang.String)[pri:0, instance:first.ToolNGTestL@d992b2]" name="testToOther" duration-ms="0" started-at="2017-10-18T09:18:00Z" data-provider="dataFortestToOther" finished-at="2017-10-18T09:18:00Z">
          <params>
            <param index="0">
              <value>
                <![CDATA[89]]>
              </value>
            </param>
            <param index="1">
              <value>
                <![CDATA[8]]>
              </value>
            </param>
            <param index="2">
              <value>
                <![CDATA[131]]>
              </value>
            </param>
          </params>
          <reporter-output>
          </reporter-output>
        </test-method> <!-- testToOther -->
        <test-method status="PASS" signature="testToOther(int, int, java.lang.String)[pri:0, instance:first.ToolNGTestL@d992b2]" name="testToOther" duration-ms="15" started-at="2017-10-18T09:18:00Z" data-provider="dataFortestToOther" finished-at="2017-10-18T09:18:00Z">
          <params>
            <param index="0">
              <value>
                <![CDATA[1]]>
              </value>
            </param>
            <param index="1">
              <value>
                <![CDATA[8]]>
              </value>
            </param>
            <param index="2">
              <value>
                <![CDATA[1]]>
              </value>
            </param>
          </params>
          <reporter-output>
          </reporter-output>
        </test-method> <!-- testToOther -->
        <test-method status="PASS" signature="testToOther(int, int, java.lang.String)[pri:0, instance:first.ToolNGTestL@d992b2]" name="testToOther" duration-ms="0" started-at="2017-10-18T09:18:00Z" data-provider="dataFortestToOther" finished-at="2017-10-18T09:18:00Z">
          <params>
            <param index="0">
              <value>
                <![CDATA[1]]>
              </value>
            </param>
            <param index="1">
              <value>
                <![CDATA[2]]>
              </value>
            </param>
            <param index="2">
              <value>
                <![CDATA[1]]>
              </value>
            </param>
          </params>
          <reporter-output>
          </reporter-output>
        </test-method> <!-- testToOther -->
        <test-method status="PASS" signature="testToOther(int, int, java.lang.String)[pri:0, instance:first.ToolNGTestL@d992b2]" name="testToOther" duration-ms="0" started-at="2017-10-18T09:18:00Z" data-provider="dataFortestToOther" finished-at="2017-10-18T09:18:00Z">
          <params>
            <param index="0">
              <value>
                <![CDATA[1]]>
              </value>
            </param>
            <param index="1">
              <value>
                <![CDATA[16]]>
              </value>
            </param>
            <param index="2">
              <value>
                <![CDATA[1]]>
              </value>
            </param>
          </params>
          <reporter-output>
          </reporter-output>
        </test-method> <!-- testToOther -->
      </class> <!-- first.ToolNGTestL -->
    </test> <!-- test1 -->
  </suite> <!-- Suite1 -->
</testng-results>
